<?xml version="1.0" encoding="UTF-8"?>
<robot generator="Robot 6.0.1 (Python 3.11.1 on darwin)" generated="20230105 16:45:36.877" rpa="false" schemaversion="3">
<suite id="s1" name="RegistrationOfAdviserTest" source="/Users/paulinamurzanska/Desktop/TriplePointContactFormDemo/TriplePoint/AdvancerDashboard/Tests/RegistrationOfAdviserTest.robot">
<test id="s1-t1" name="Register new advisor" line="14">
<kw name="Start Test Case (url,browser)" library="CommonFunctionalities" type="SETUP">
<arg>${register_adviser_url}</arg>
<arg>${chrome_browser}</arg>
<kw name="Open Browser" library="SeleniumLibrary">
<arg>${url}</arg>
<arg>${browser}</arg>
<doc>Opens a new browser instance to the optional ``url``.</doc>
<msg timestamp="20230105 16:45:37.079" level="INFO">Opening browser 'Chrome' to base url 'https://triplepoint--staging.sandbox.my.site.com/IFASelfReg'.</msg>
<status status="PASS" starttime="20230105 16:45:37.079" endtime="20230105 16:45:45.498"/>
</kw>
<kw name="Maximize Browser Window" library="SeleniumLibrary">
<doc>Maximizes current browser window.</doc>
<status status="PASS" starttime="20230105 16:45:45.498" endtime="20230105 16:45:45.963"/>
</kw>
<kw name="Sleep" library="BuiltIn">
<arg>1s</arg>
<doc>Pauses the test executed for the given time.</doc>
<msg timestamp="20230105 16:45:46.965" level="INFO">Slept 1 second</msg>
<status status="PASS" starttime="20230105 16:45:45.963" endtime="20230105 16:45:46.965"/>
</kw>
<status status="PASS" starttime="20230105 16:45:37.078" endtime="20230105 16:45:46.966"/>
</kw>
<kw name="Complete registration form with new user (user)" library="RegisterAdviser">
<arg>${new_user_to_register}</arg>
<kw name="Select title" library="RegisterAdviser">
<arg>${user}</arg>
<kw name="Click Element" library="SeleniumLibrary">
<arg>${adviser_title_select}</arg>
<doc>Click the element identified by ``locator``.</doc>
<msg timestamp="20230105 16:45:46.968" level="INFO">Clicking element 'id:Registration:advRegTemplate:j_id120:j_id122:0:j_id123:j_id124:fieldSet:0:inputFieldId'.</msg>
<status status="PASS" starttime="20230105 16:45:46.967" endtime="20230105 16:45:47.044"/>
</kw>
<kw name="Sleep" library="BuiltIn">
<arg>1s</arg>
<doc>Pauses the test executed for the given time.</doc>
<msg timestamp="20230105 16:45:48.047" level="INFO">Slept 1 second</msg>
<status status="PASS" starttime="20230105 16:45:47.044" endtime="20230105 16:45:48.047"/>
</kw>
<kw name="Select From List By Value" library="SeleniumLibrary">
<arg>${adviser_title_select}</arg>
<arg>${user["title"]}</arg>
<doc>Selects options from selection list ``locator`` by ``values``.</doc>
<msg timestamp="20230105 16:45:48.049" level="INFO">Selecting options from selection list 'id:Registration:advRegTemplate:j_id120:j_id122:0:j_id123:j_id124:fieldSet:0:inputFieldId' by value Mr.</msg>
<status status="PASS" starttime="20230105 16:45:48.047" endtime="20230105 16:45:48.366"/>
</kw>
<kw name="List Selection Should Be" library="SeleniumLibrary">
<arg>${adviser_title_select}</arg>
<arg>${user["title"]}</arg>
<doc>Verifies selection list ``locator`` has ``expected`` options selected.</doc>
<msg timestamp="20230105 16:45:48.367" level="INFO">Verifying list 'id:Registration:advRegTemplate:j_id120:j_id122:0:j_id123:j_id124:fieldSet:0:inputFieldId' has option [ Mr ] selected.</msg>
<msg timestamp="20230105 16:45:48.376" level="INFO">Current page contains list 'id:Registration:advRegTemplate:j_id120:j_id122:0:j_id123:j_id124:fieldSet:0:inputFieldId'.</msg>
<status status="PASS" starttime="20230105 16:45:48.366" endtime="20230105 16:45:48.444"/>
</kw>
<kw name="Press Keys" library="SeleniumLibrary">
<arg>None</arg>
<arg>RETURN</arg>
<doc>Simulates the user pressing key(s) to an element or on the active browser.</doc>
<msg timestamp="20230105 16:45:48.444" level="INFO">Sending key(s) ('RETURN',) to page.</msg>
<msg timestamp="20230105 16:45:48.445" level="INFO">Pressing special key RETURN to browser.</msg>
<msg timestamp="20230105 16:45:48.445" level="INFO">Releasing special key RETURN.</msg>
<status status="PASS" starttime="20230105 16:45:48.444" endtime="20230105 16:45:48.762"/>
</kw>
<kw name="Sleep" library="BuiltIn">
<arg>1s</arg>
<doc>Pauses the test executed for the given time.</doc>
<msg timestamp="20230105 16:45:49.762" level="INFO">Slept 1 second</msg>
<status status="PASS" starttime="20230105 16:45:48.762" endtime="20230105 16:45:49.762"/>
</kw>
<status status="PASS" starttime="20230105 16:45:46.966" endtime="20230105 16:45:49.763"/>
</kw>
<kw name="Complete text fields" library="RegisterAdviser">
<arg>${user}</arg>
<kw name="Input Text" library="SeleniumLibrary">
<arg>${adviser_name}</arg>
<arg>${user["name"]}</arg>
<doc>Types the given ``text`` into the text field identified by ``locator``.</doc>
<msg timestamp="20230105 16:45:49.764" level="INFO">Typing text 'James' into text field 'id:Registration:advRegTemplate:j_id120:j_id122:0:j_id123:j_id124:fieldSet:1:inputTextId'.</msg>
<status status="PASS" starttime="20230105 16:45:49.763" endtime="20230105 16:45:49.851"/>
</kw>
<kw name="Input Text" library="SeleniumLibrary">
<arg>${adviser_last_name}</arg>
<arg>${user["last_name"]}</arg>
<doc>Types the given ``text`` into the text field identified by ``locator``.</doc>
<msg timestamp="20230105 16:45:49.852" level="INFO">Typing text 'Smith' into text field 'id:Registration:advRegTemplate:j_id120:j_id122:0:j_id123:j_id124:fieldSet:2:inputTextId'.</msg>
<status status="PASS" starttime="20230105 16:45:49.852" endtime="20230105 16:45:49.928"/>
</kw>
<kw name="Input Text" library="SeleniumLibrary">
<arg>${adviser_personal_FCA}</arg>
<arg>${user["personal_FCA"]}</arg>
<doc>Types the given ``text`` into the text field identified by ``locator``.</doc>
<msg timestamp="20230105 16:45:49.929" level="INFO">Typing text 'ATR88865' into text field 'id:Registration:advRegTemplate:j_id120:j_id122:0:j_id123:j_id124:fieldSet:3:inputTextId'.</msg>
<status status="PASS" starttime="20230105 16:45:49.928" endtime="20230105 16:45:50.011"/>
</kw>
<kw name="Input Text" library="SeleniumLibrary">
<arg>${adviser_company_name}</arg>
<arg>${user["company_name"]}</arg>
<doc>Types the given ``text`` into the text field identified by ``locator``.</doc>
<msg timestamp="20230105 16:45:50.013" level="INFO">Typing text 'Hughes-Packard Inc' into text field 'id:Registration:advRegTemplate:j_id120:j_id122:0:j_id123:j_id124:fieldSet:4:inputTextId'.</msg>
<status status="PASS" starttime="20230105 16:45:50.011" endtime="20230105 16:45:50.118"/>
</kw>
<kw name="Input Text" library="SeleniumLibrary">
<arg>${adviser_company_FCA}</arg>
<arg>${user["company_FCA"]}</arg>
<doc>Types the given ``text`` into the text field identified by ``locator``.</doc>
<msg timestamp="20230105 16:45:50.118" level="INFO">Typing text '993249' into text field 'id:Registration:advRegTemplate:j_id120:j_id122:0:j_id123:j_id124:fieldSet:5:inputTextId'.</msg>
<status status="PASS" starttime="20230105 16:45:50.118" endtime="20230105 16:45:50.191"/>
</kw>
<kw name="Input Text" library="SeleniumLibrary">
<arg>${adviser_email}</arg>
<arg>${user["email"]}</arg>
<doc>Types the given ``text`` into the text field identified by ``locator``.</doc>
<msg timestamp="20230105 16:45:50.192" level="INFO">Typing text 'john.doe58@hotmail.co.uk' into text field 'id:Registration:advRegTemplate:j_id120:j_id122:2:j_id123:j_id124:fieldSet:0:inputFieldId'.</msg>
<status status="PASS" starttime="20230105 16:45:50.191" endtime="20230105 16:45:50.309"/>
</kw>
<kw name="Input Text" library="SeleniumLibrary">
<arg>${adviser_confirm_email}</arg>
<arg>${user["email"]}</arg>
<doc>Types the given ``text`` into the text field identified by ``locator``.</doc>
<msg timestamp="20230105 16:45:50.310" level="INFO">Typing text 'john.doe58@hotmail.co.uk' into text field 'id:Registration:advRegTemplate:j_id120:j_id122:2:j_id123:j_id124:fieldSet:1:inputFieldId'.</msg>
<status status="PASS" starttime="20230105 16:45:50.310" endtime="20230105 16:45:50.417"/>
</kw>
<kw name="Input Text" library="SeleniumLibrary">
<arg>${adviser_password}</arg>
<arg>${user["password"]}</arg>
<doc>Types the given ``text`` into the text field identified by ``locator``.</doc>
<msg timestamp="20230105 16:45:50.418" level="INFO">Typing text '3FxD&amp;:&gt;ndH:(1p`(6#v' into text field 'id:Registration:advRegTemplate:j_id120:j_id122:3:passwordInput'.</msg>
<status status="PASS" starttime="20230105 16:45:50.417" endtime="20230105 16:45:50.530"/>
</kw>
<kw name="Input Text" library="SeleniumLibrary">
<arg>${adviser_confirm_password}</arg>
<arg>${user["password"]}</arg>
<doc>Types the given ``text`` into the text field identified by ``locator``.</doc>
<msg timestamp="20230105 16:45:50.531" level="INFO">Typing text '3FxD&amp;:&gt;ndH:(1p`(6#v' into text field 'id:Registration:advRegTemplate:j_id120:j_id122:3:confirmPasswordInput'.</msg>
<status status="PASS" starttime="20230105 16:45:50.530" endtime="20230105 16:45:50.643"/>
</kw>
<kw name="Input Text" library="SeleniumLibrary">
<arg>${adviser_tel}</arg>
<arg>${user["personal_tel"]}</arg>
<doc>Types the given ``text`` into the text field identified by ``locator``.</doc>
<msg timestamp="20230105 16:45:50.644" level="INFO">Typing text '+44 2583 042675' into text field 'id:Registration:advRegTemplate:j_id120:j_id122:4:j_id123:j_id124:fieldSet:0:inputFieldId'.</msg>
<status status="PASS" starttime="20230105 16:45:50.643" endtime="20230105 16:45:50.748"/>
</kw>
<kw name="Input Text" library="SeleniumLibrary">
<arg>${adviser_office_tel}</arg>
<arg>${user["office_tel"]}</arg>
<doc>Types the given ``text`` into the text field identified by ``locator``.</doc>
<msg timestamp="20230105 16:45:50.749" level="INFO">Typing text '+44 3449 16759' into text field 'id:Registration:advRegTemplate:j_id120:j_id122:4:j_id123:j_id124:fieldSet:1:inputFieldId'.</msg>
<status status="PASS" starttime="20230105 16:45:50.748" endtime="20230105 16:45:50.837"/>
</kw>
<status status="PASS" starttime="20230105 16:45:49.763" endtime="20230105 16:45:50.838"/>
</kw>
<kw name="Add address manually" library="RegisterAdviser">
<arg>${user}</arg>
<kw name="Click Element" library="SeleniumLibrary">
<arg>${add_address_manually_link}</arg>
<doc>Click the element identified by ``locator``.</doc>
<msg timestamp="20230105 16:45:50.838" level="INFO">Clicking element 'id:mainAddressFieldsManual'.</msg>
<status status="PASS" starttime="20230105 16:45:50.838" endtime="20230105 16:45:50.910"/>
</kw>
<kw name="Wait Until Page Contains Element" library="SeleniumLibrary">
<arg>${add_address_form}</arg>
<doc>Waits until the element ``locator`` appears on the current page.</doc>
<status status="PASS" starttime="20230105 16:45:50.911" endtime="20230105 16:45:50.930"/>
</kw>
<kw name="Input Text" library="SeleniumLibrary">
<arg>${add_address_street}</arg>
<arg>${user["street"]}</arg>
<doc>Types the given ``text`` into the text field identified by ``locator``.</doc>
<msg timestamp="20230105 16:45:50.931" level="INFO">Typing text '8 Zoe Motorway' into text field 'id:Registration:advRegTemplate:j_id120:j_id122:1:addressStreet'.</msg>
<status status="PASS" starttime="20230105 16:45:50.930" endtime="20230105 16:45:51.043"/>
</kw>
<kw name="Input Text" library="SeleniumLibrary">
<arg>${add_address_city}</arg>
<arg>${user["city"]}</arg>
<doc>Types the given ``text`` into the text field identified by ``locator``.</doc>
<msg timestamp="20230105 16:45:51.044" level="INFO">Typing text 'Port Alice' into text field 'id:Registration:advRegTemplate:j_id120:j_id122:1:addressCity'.</msg>
<status status="PASS" starttime="20230105 16:45:51.044" endtime="20230105 16:45:51.123"/>
</kw>
<kw name="Input Text" library="SeleniumLibrary">
<arg>${add_address_county}</arg>
<arg>${user["county"]}</arg>
<doc>Types the given ``text`` into the text field identified by ``locator``.</doc>
<msg timestamp="20230105 16:45:51.124" level="INFO">Typing text 'Port Julie' into text field 'id:Registration:advRegTemplate:j_id120:j_id122:1:addressCounty'.</msg>
<status status="PASS" starttime="20230105 16:45:51.123" endtime="20230105 16:45:51.201"/>
</kw>
<kw name="Input Text" library="SeleniumLibrary">
<arg>${add_address_country}</arg>
<arg>${user["country"]}</arg>
<doc>Types the given ``text`` into the text field identified by ``locator``.</doc>
<msg timestamp="20230105 16:45:51.202" level="INFO">Typing text 'United Kingdom' into text field 'id:Registration:advRegTemplate:j_id120:j_id122:1:addressCountry'.</msg>
<status status="PASS" starttime="20230105 16:45:51.201" endtime="20230105 16:45:51.299"/>
</kw>
<kw name="Input Text" library="SeleniumLibrary">
<arg>${add_address_postcode}</arg>
<arg>${user["postcode"]}</arg>
<doc>Types the given ``text`` into the text field identified by ``locator``.</doc>
<msg timestamp="20230105 16:45:51.300" level="INFO">Typing text 'HD9 9PH' into text field 'id:Registration:advRegTemplate:j_id120:j_id122:1:addressPostcode'.</msg>
<status status="PASS" starttime="20230105 16:45:51.299" endtime="20230105 16:45:51.374"/>
</kw>
<status status="PASS" starttime="20230105 16:45:50.838" endtime="20230105 16:45:51.374"/>
</kw>
<kw name="Select Checkbox" library="SeleniumLibrary">
<arg>${keep_me_updated_checkbox}</arg>
<doc>Selects the checkbox identified by ``locator``.</doc>
<msg timestamp="20230105 16:45:51.374" level="INFO">Selecting checkbox 'id:Registration:advRegTemplate:j_id120:j_id122:4:j_id123:j_id124:fieldSet:2:booleanInputFieldId'.</msg>
<status status="PASS" starttime="20230105 16:45:51.374" endtime="20230105 16:45:51.453"/>
</kw>
<status status="PASS" starttime="20230105 16:45:46.966" endtime="20230105 16:45:51.453"/>
</kw>
<kw name="Sleep" library="BuiltIn">
<arg>5s</arg>
<doc>Pauses the test executed for the given time.</doc>
<msg timestamp="20230105 16:45:56.454" level="INFO">Slept 5 seconds</msg>
<status status="PASS" starttime="20230105 16:45:51.453" endtime="20230105 16:45:56.454"/>
</kw>
<kw name="Submit registration and validate if success" library="RegisterAdviser">
<kw name="Mouse Over" library="SeleniumLibrary">
<arg>${register_submit_btn}</arg>
<doc>Simulates hovering the mouse over the element ``locator``.</doc>
<msg timestamp="20230105 16:45:56.455" level="INFO">Simulating Mouse Over on element 'xpath://*[@id="Registration:advRegTemplate:j_id120"]/div[17]/div'.</msg>
<status status="PASS" starttime="20230105 16:45:56.455" endtime="20230105 16:45:56.740"/>
</kw>
<kw name="Sleep" library="BuiltIn">
<arg>2s</arg>
<doc>Pauses the test executed for the given time.</doc>
<msg timestamp="20230105 16:45:58.742" level="INFO">Slept 2 seconds</msg>
<status status="PASS" starttime="20230105 16:45:56.740" endtime="20230105 16:45:58.742"/>
</kw>
<kw name="Click Element" library="SeleniumLibrary">
<arg>${submit_registration_link}</arg>
<doc>Click the element identified by ``locator``.</doc>
<msg timestamp="20230105 16:45:58.743" level="INFO">Clicking element 'xpath://*[@id="Registration:advRegTemplate:j_id120:Register"]'.</msg>
<status status="PASS" starttime="20230105 16:45:58.742" endtime="20230105 16:46:27.965"/>
</kw>
<kw name="Sleep" library="BuiltIn">
<arg>3s</arg>
<doc>Pauses the test executed for the given time.</doc>
<msg timestamp="20230105 16:46:30.966" level="INFO">Slept 3 seconds</msg>
<status status="PASS" starttime="20230105 16:46:27.965" endtime="20230105 16:46:30.966"/>
</kw>
<kw name="Wait Until Page Contains Element" library="SeleniumLibrary">
<arg>${registered_form_success_box}</arg>
<doc>Waits until the element ``locator`` appears on the current page.</doc>
<status status="PASS" starttime="20230105 16:46:30.966" endtime="20230105 16:46:30.975"/>
</kw>
<kw name="Element Should Contain" library="SeleniumLibrary">
<arg>${registration_success_info_box}</arg>
<arg>${registered_form_success_message}</arg>
<doc>Verifies that element ``locator`` contains text ``expected``.</doc>
<msg timestamp="20230105 16:46:30.994" level="INFO">Element 'xpath://*[@id="verificationPage:advRegTemplate:j_id109:j_id111"]/div/table/tbody/tr/td[1]/div[2] ' contains text 'Thank you for registering'.</msg>
<status status="PASS" starttime="20230105 16:46:30.975" endtime="20230105 16:46:30.994"/>
</kw>
<kw name="Sleep" library="BuiltIn">
<arg>3s</arg>
<doc>Pauses the test executed for the given time.</doc>
<msg timestamp="20230105 16:46:33.996" level="INFO">Slept 3 seconds</msg>
<status status="PASS" starttime="20230105 16:46:30.994" endtime="20230105 16:46:33.996"/>
</kw>
<status status="PASS" starttime="20230105 16:45:56.454" endtime="20230105 16:46:33.997"/>
</kw>
<kw name="Sleep" library="BuiltIn">
<arg>5s</arg>
<doc>Pauses the test executed for the given time.</doc>
<msg timestamp="20230105 16:46:38.997" level="INFO">Slept 5 seconds</msg>
<status status="PASS" starttime="20230105 16:46:33.997" endtime="20230105 16:46:38.997"/>
</kw>
<kw name="End Test Case" library="CommonFunctionalities" type="TEARDOWN">
<kw name="Close Browser" library="SeleniumLibrary">
<doc>Closes the current browser.</doc>
<status status="PASS" starttime="20230105 16:46:38.998" endtime="20230105 16:46:39.098"/>
</kw>
<status status="PASS" starttime="20230105 16:46:38.998" endtime="20230105 16:46:39.099"/>
</kw>
<doc>*Registration of Adviser* :
Register a new Adviser and check if the person 's account
was created properly.</doc>
<tag>Advancer Dashboard Test - Test No 1</tag>
<status status="PASS" starttime="20230105 16:45:37.078" endtime="20230105 16:46:39.099"/>
</test>
<doc>Register new adviser</doc>
<status status="PASS" starttime="20230105 16:45:36.878" endtime="20230105 16:46:39.099"/>
</suite>
<statistics>
<total>
<stat pass="1" fail="0" skip="0">All Tests</stat>
</total>
<tag>
<stat pass="1" fail="0" skip="0">Advancer Dashboard Test - Test No 1</stat>
</tag>
<suite>
<stat pass="1" fail="0" skip="0" id="s1" name="RegistrationOfAdviserTest">RegistrationOfAdviserTest</stat>
</suite>
</statistics>
<errors>
</errors>
</robot>
